0 info it worked if it ends with ok
1 verbose cli [ '/usr/local/bin/node',
1 verbose cli   '/usr/local/bin/npm',
1 verbose cli   'install',
1 verbose cli   '--save' ]
2 info using npm@2.14.3
3 info using node@v4.1.0
4 verbose readDependencies loading dependencies from /Users/gregorio.baldari/Documents/Personal Projects/Story Pointer/web-size-it-server/package.json
5 warn package.json Dependency 'supertest' exists in both dependencies and devDependencies, using 'supertest@1.1.0' from dependencies
6 verbose install where, deps [ '/Users/gregorio.baldari/Documents/Personal Projects/Story Pointer/web-size-it-server',
6 verbose install   [ 'express',
6 verbose install     'express-logger',
6 verbose install     'cookie-parser',
6 verbose install     'express-session',
6 verbose install     'connect-flash',
6 verbose install     'ejs',
6 verbose install     'mongoose',
6 verbose install     'body-parser',
6 verbose install     'method-override',
6 verbose install     'socket.io',
6 verbose install     'mongoose-findorcreate',
6 verbose install     'passport',
6 verbose install     'passport-userapp',
6 verbose install     'underscore',
6 verbose install     'supertest' ] ]
7 verbose install where, peers [ '/Users/gregorio.baldari/Documents/Personal Projects/Story Pointer/web-size-it-server',
7 verbose install   [] ]
8 verbose installManyTop reading for lifecycle /Users/gregorio.baldari/Documents/Personal Projects/Story Pointer/web-size-it-server/package.json
9 info preinstall web-size-it-server@1.0.0
10 verbose installManyTop reading scoped package data from /Users/gregorio.baldari/Documents/Personal Projects/Story Pointer/web-size-it-server/node_modules/body-parser/package.json
11 verbose installManyTop reading scoped package data from /Users/gregorio.baldari/Documents/Personal Projects/Story Pointer/web-size-it-server/node_modules/connect-flash/package.json
12 verbose installManyTop reading scoped package data from /Users/gregorio.baldari/Documents/Personal Projects/Story Pointer/web-size-it-server/node_modules/cookie-parser/package.json
13 verbose installManyTop reading scoped package data from /Users/gregorio.baldari/Documents/Personal Projects/Story Pointer/web-size-it-server/node_modules/ejs/package.json
14 verbose installManyTop reading scoped package data from /Users/gregorio.baldari/Documents/Personal Projects/Story Pointer/web-size-it-server/node_modules/express/package.json
15 verbose installManyTop reading scoped package data from /Users/gregorio.baldari/Documents/Personal Projects/Story Pointer/web-size-it-server/node_modules/express-logger/package.json
16 verbose installManyTop reading scoped package data from /Users/gregorio.baldari/Documents/Personal Projects/Story Pointer/web-size-it-server/node_modules/express-session/package.json
17 verbose installManyTop reading scoped package data from /Users/gregorio.baldari/Documents/Personal Projects/Story Pointer/web-size-it-server/node_modules/method-override/package.json
18 verbose installManyTop reading scoped package data from /Users/gregorio.baldari/Documents/Personal Projects/Story Pointer/web-size-it-server/node_modules/mongoose/package.json
19 verbose installManyTop reading scoped package data from /Users/gregorio.baldari/Documents/Personal Projects/Story Pointer/web-size-it-server/node_modules/mongoose-findorcreate/package.json
20 verbose installManyTop reading scoped package data from /Users/gregorio.baldari/Documents/Personal Projects/Story Pointer/web-size-it-server/node_modules/passport/package.json
21 verbose installManyTop reading scoped package data from /Users/gregorio.baldari/Documents/Personal Projects/Story Pointer/web-size-it-server/node_modules/passport-userapp/package.json
22 verbose installManyTop reading scoped package data from /Users/gregorio.baldari/Documents/Personal Projects/Story Pointer/web-size-it-server/node_modules/socket.io/package.json
23 verbose installManyTop reading scoped package data from /Users/gregorio.baldari/Documents/Personal Projects/Story Pointer/web-size-it-server/node_modules/supertest/package.json
24 verbose installManyTop reading scoped package data from /Users/gregorio.baldari/Documents/Personal Projects/Story Pointer/web-size-it-server/node_modules/tape/package.json
25 verbose installManyTop reading scoped package data from /Users/gregorio.baldari/Documents/Personal Projects/Story Pointer/web-size-it-server/node_modules/tape-catch/package.json
26 verbose installManyTop reading scoped package data from /Users/gregorio.baldari/Documents/Personal Projects/Story Pointer/web-size-it-server/node_modules/underscore/package.json
27 info package.json connect-flash@0.1.1 No license field.
28 info package.json ejs@1.0.0 No license field.
29 info package.json express-logger@0.0.3 No license field.
30 info package.json mongoose@3.8.39 No license field.
31 info package.json passport-userapp@1.1.2 No license field.
32 info package.json socket.io@1.3.7 No license field.
33 info package.json underscore@1.4.3 No license field.
34 verbose readDependencies loading dependencies from /Users/gregorio.baldari/Documents/Personal Projects/Story Pointer/web-size-it-server/package.json
35 verbose targetResolver reading package data from /Users/gregorio.baldari/Documents/Personal Projects/Story Pointer/web-size-it-server/node_modules/body-parser/package.json
36 verbose targetResolver reading package data from /Users/gregorio.baldari/Documents/Personal Projects/Story Pointer/web-size-it-server/node_modules/connect-flash/package.json
37 verbose targetResolver reading package data from /Users/gregorio.baldari/Documents/Personal Projects/Story Pointer/web-size-it-server/node_modules/cookie-parser/package.json
38 verbose targetResolver reading package data from /Users/gregorio.baldari/Documents/Personal Projects/Story Pointer/web-size-it-server/node_modules/ejs/package.json
39 verbose targetResolver reading package data from /Users/gregorio.baldari/Documents/Personal Projects/Story Pointer/web-size-it-server/node_modules/express/package.json
40 verbose targetResolver reading package data from /Users/gregorio.baldari/Documents/Personal Projects/Story Pointer/web-size-it-server/node_modules/express-logger/package.json
41 verbose targetResolver reading package data from /Users/gregorio.baldari/Documents/Personal Projects/Story Pointer/web-size-it-server/node_modules/express-session/package.json
42 verbose targetResolver reading package data from /Users/gregorio.baldari/Documents/Personal Projects/Story Pointer/web-size-it-server/node_modules/method-override/package.json
43 verbose targetResolver reading package data from /Users/gregorio.baldari/Documents/Personal Projects/Story Pointer/web-size-it-server/node_modules/mongoose/package.json
44 verbose targetResolver reading package data from /Users/gregorio.baldari/Documents/Personal Projects/Story Pointer/web-size-it-server/node_modules/mongoose-findorcreate/package.json
45 verbose targetResolver reading package data from /Users/gregorio.baldari/Documents/Personal Projects/Story Pointer/web-size-it-server/node_modules/passport/package.json
46 verbose targetResolver reading package data from /Users/gregorio.baldari/Documents/Personal Projects/Story Pointer/web-size-it-server/node_modules/passport-userapp/package.json
47 verbose targetResolver reading package data from /Users/gregorio.baldari/Documents/Personal Projects/Story Pointer/web-size-it-server/node_modules/socket.io/package.json
48 verbose targetResolver reading package data from /Users/gregorio.baldari/Documents/Personal Projects/Story Pointer/web-size-it-server/node_modules/supertest/package.json
49 verbose targetResolver reading package data from /Users/gregorio.baldari/Documents/Personal Projects/Story Pointer/web-size-it-server/node_modules/tape/package.json
50 verbose targetResolver reading package data from /Users/gregorio.baldari/Documents/Personal Projects/Story Pointer/web-size-it-server/node_modules/tape-catch/package.json
51 verbose targetResolver reading package data from /Users/gregorio.baldari/Documents/Personal Projects/Story Pointer/web-size-it-server/node_modules/underscore/package.json
52 verbose targetResolver reading package data from /Users/gregorio.baldari/Documents/Personal Projects/Story Pointer/web-size-it-server/node_modules/.bin/node-debug/package.json
53 verbose targetResolver reading package data from /Users/gregorio.baldari/Documents/Personal Projects/Story Pointer/web-size-it-server/node_modules/.bin/node-inspector/package.json
54 verbose targetResolver reading package data from /Users/gregorio.baldari/Documents/Personal Projects/Story Pointer/web-size-it-server/node_modules/.bin/tape/package.json
55 verbose already installed skipping passport@>= 0.0.0 /Users/gregorio.baldari/Documents/Personal Projects/Story Pointer/web-size-it-server
56 verbose already installed skipping passport-userapp@>= 0.2.0 /Users/gregorio.baldari/Documents/Personal Projects/Story Pointer/web-size-it-server
57 verbose already installed skipping underscore@1.4.3 /Users/gregorio.baldari/Documents/Personal Projects/Story Pointer/web-size-it-server
58 verbose already installed skipping supertest@1.1.0 /Users/gregorio.baldari/Documents/Personal Projects/Story Pointer/web-size-it-server
59 verbose already installed skipping express@^4.13.3 /Users/gregorio.baldari/Documents/Personal Projects/Story Pointer/web-size-it-server
60 verbose already installed skipping express-logger@0.0.3 /Users/gregorio.baldari/Documents/Personal Projects/Story Pointer/web-size-it-server
61 verbose already installed skipping cookie-parser@1.4.0 /Users/gregorio.baldari/Documents/Personal Projects/Story Pointer/web-size-it-server
62 verbose already installed skipping express-session@1.12.1 /Users/gregorio.baldari/Documents/Personal Projects/Story Pointer/web-size-it-server
63 verbose already installed skipping connect-flash@0.1.x /Users/gregorio.baldari/Documents/Personal Projects/Story Pointer/web-size-it-server
64 verbose already installed skipping ejs@~1.0.0 /Users/gregorio.baldari/Documents/Personal Projects/Story Pointer/web-size-it-server
65 verbose already installed skipping mongoose@~3.8.0 /Users/gregorio.baldari/Documents/Personal Projects/Story Pointer/web-size-it-server
66 verbose already installed skipping body-parser@~1.4.2 /Users/gregorio.baldari/Documents/Personal Projects/Story Pointer/web-size-it-server
67 verbose already installed skipping method-override@~2.0.2 /Users/gregorio.baldari/Documents/Personal Projects/Story Pointer/web-size-it-server
68 verbose already installed skipping socket.io@1.3.7 /Users/gregorio.baldari/Documents/Personal Projects/Story Pointer/web-size-it-server
69 verbose already installed skipping mongoose-findorcreate@0.1.2 /Users/gregorio.baldari/Documents/Personal Projects/Story Pointer/web-size-it-server
70 silly install resolved []
71 info build /Users/gregorio.baldari/Documents/Personal Projects/Story Pointer/web-size-it-server
72 info linkStuff web-size-it-server@1.0.0
73 silly linkStuff web-size-it-server@1.0.0 has /Users/gregorio.baldari/Documents/Personal Projects/Story Pointer as its parent node_modules
74 verbose linkBins web-size-it-server@1.0.0
75 verbose linkMans web-size-it-server@1.0.0
76 verbose rebuildBundles web-size-it-server@1.0.0
77 verbose rebuildBundles [ '.DS_Store',
77 verbose rebuildBundles   '.bin',
77 verbose rebuildBundles   'body-parser',
77 verbose rebuildBundles   'connect-flash',
77 verbose rebuildBundles   'cookie-parser',
77 verbose rebuildBundles   'ejs',
77 verbose rebuildBundles   'express',
77 verbose rebuildBundles   'express-logger',
77 verbose rebuildBundles   'express-session',
77 verbose rebuildBundles   'method-override',
77 verbose rebuildBundles   'mongoose',
77 verbose rebuildBundles   'mongoose-findorcreate',
77 verbose rebuildBundles   'passport',
77 verbose rebuildBundles   'passport-userapp',
77 verbose rebuildBundles   'socket.io',
77 verbose rebuildBundles   'supertest',
77 verbose rebuildBundles   'tape',
77 verbose rebuildBundles   'tape-catch',
77 verbose rebuildBundles   'underscore' ]
78 verbose rebuild bundle /Users/gregorio.baldari/Documents/Personal Projects/Story Pointer/web-size-it-server/node_modules/tape
79 info build /Users/gregorio.baldari/Documents/Personal Projects/Story Pointer/web-size-it-server/node_modules/tape
80 info preinstall tape@4.4.0
81 info linkStuff tape@4.4.0
82 silly linkStuff tape@4.4.0 has /Users/gregorio.baldari/Documents/Personal Projects/Story Pointer/web-size-it-server/node_modules as its parent node_modules
83 verbose linkBins tape@4.4.0
84 verbose link bins [ { tape: './bin/tape' },
84 verbose link bins   '/Users/gregorio.baldari/Documents/Personal Projects/Story Pointer/web-size-it-server/node_modules/.bin',
84 verbose link bins   false ]
85 verbose linkMans tape@4.4.0
86 verbose rebuildBundles tape@4.4.0
87 verbose rebuildBundles [ 'deep-equal',
87 verbose rebuildBundles   'defined',
87 verbose rebuildBundles   'function-bind',
87 verbose rebuildBundles   'glob',
87 verbose rebuildBundles   'has',
87 verbose rebuildBundles   'inherits',
87 verbose rebuildBundles   'minimist',
87 verbose rebuildBundles   'object-inspect',
87 verbose rebuildBundles   'resolve',
87 verbose rebuildBundles   'resumer',
87 verbose rebuildBundles   'string.prototype.trim',
87 verbose rebuildBundles   'through' ]
88 silly gentlyRm /Users/gregorio.baldari/Documents/Personal Projects/Story Pointer/web-size-it-server/node_modules/.bin/tape is being purged
89 verbose gentlyRm don't care about contents; nuking /Users/gregorio.baldari/Documents/Personal Projects/Story Pointer/web-size-it-server/node_modules/.bin/tape
90 silly vacuum-fs purging /Users/gregorio.baldari/Documents/Personal Projects/Story Pointer/web-size-it-server/node_modules/.bin/tape
91 verbose stack Error: EACCES: permission denied, unlink '/Users/gregorio.baldari/Documents/Personal Projects/Story Pointer/web-size-it-server/node_modules/.bin/tape'
91 verbose stack     at Error (native)
92 verbose cwd /Users/gregorio.baldari/Documents/Personal Projects/Story Pointer/web-size-it-server
93 error Darwin 15.3.0
94 error argv "/usr/local/bin/node" "/usr/local/bin/npm" "install" "--save"
95 error node v4.1.0
96 error npm  v2.14.3
97 error path /Users/gregorio.baldari/Documents/Personal Projects/Story Pointer/web-size-it-server/node_modules/.bin/tape
98 error code EACCES
99 error errno -13
100 error syscall unlink
101 error Error: EACCES: permission denied, unlink '/Users/gregorio.baldari/Documents/Personal Projects/Story Pointer/web-size-it-server/node_modules/.bin/tape'
101 error     at Error (native)
101 error  { [Error: EACCES: permission denied, unlink '/Users/gregorio.baldari/Documents/Personal Projects/Story Pointer/web-size-it-server/node_modules/.bin/tape']
101 error   errno: -13,
101 error   code: 'EACCES',
101 error   syscall: 'unlink',
101 error   path: '/Users/gregorio.baldari/Documents/Personal Projects/Story Pointer/web-size-it-server/node_modules/.bin/tape' }
102 error Please try running this command again as root/Administrator.
103 verbose exit [ -13, true ]
